<?xml version="1.0" encoding="UTF-8"?>
<!-- Generated by org.testng.reporters.JUnitReportReporter -->
<testsuite skipped="0" hostname="VZD4231020527" name="com.crm.qa.testcases.HomePageTest" tests="1" failures="0" timestamp="19 Jul 2018 11:18:19 GMT" time="43.501" errors="0">
  <testcase name="verifyContactsLinkTest" time="43.501" classname="com.crm.qa.testcases.HomePageTest"/>
</testsuite> <!-- com.crm.qa.testcases.HomePageTest -->
