<?xml version="1.0" encoding="UTF-8"?>
<!-- Generated by org.testng.reporters.JUnitReportReporter -->
<testsuite skipped="0" hostname="VZD4231020527" name="com.crm.qa.testcases.LoginPageTest" tests="3" failures="0" timestamp="19 Jul 2018 11:00:32 GMT" time="63.184" errors="0">
  <testcase name="loginPageTitleTest" time="19.780" classname="com.crm.qa.testcases.LoginPageTest"/>
  <testcase name="crmLogoImageTest" time="17.105" classname="com.crm.qa.testcases.LoginPageTest"/>
  <testcase name="loginTest" time="26.299" classname="com.crm.qa.testcases.LoginPageTest"/>
</testsuite> <!-- com.crm.qa.testcases.LoginPageTest -->
